0 info it worked if it ends with ok
1 verbose cli [ 'C:\\Program Files\\nodejs\\node.exe',
1 verbose cli   'C:\\Program Files\\nodejs\\node_modules\\npm\\bin\\npm-cli.js',
1 verbose cli   'start' ]
2 info using npm@3.10.10
3 info using node@v6.9.5
4 verbose run-script [ 'prestart', 'start', 'poststart' ]
5 info lifecycle setup@1.0.0~prestart: setup@1.0.0
6 verbose lifecycle setup@1.0.0~prestart: unsafe-perm in lifecycle true
7 verbose lifecycle setup@1.0.0~prestart: PATH: C:\Program Files\nodejs\node_modules\npm\bin\node-gyp-bin;C:\Users\jan_frncs\Desktop\setup\node_modules\.bin;C:\Python27\;C:\Python27\Scripts;C:\ProgramData\Oracle\Java\javapath;C:\WINDOWS\system32;C:\WINDOWS;C:\WINDOWS\System32\Wbem;C:\WINDOWS\System32\WindowsPowerShell\v1.0\;C:\Program Files\Git\cmd;C:\Program Files (x86)\Skype\Phone\;C:\Program Files (x86)\Windows Live\Shared;C:\ProgramData\chocolatey\bin;C:\Windows\apktool\apktool.bat;C:\Windows\apktool\apktool.jar;C:\Program Files\nodejs\;C:\Program Files (x86)\Cracklock\Bin;C:\Users\jan_frncs\AppData\Local\Microsoft\WindowsApps;C:\Users\jan_frncs\AppData\Local\atom\bin;C:\Users\jan_frncs\AppData\Roaming\Dashlane\4.6.1.18109\bin\Firefox_Extension\{442718d9-475e-452a-b3e1-fb1ee16b8e9f}\components;C:\Windows\apktool\apktool.bat.bat;C:\Windows\apktool\apktool.jar.jar;C:\Users\jan_frncs\AppData\Roaming\npm
8 verbose lifecycle setup@1.0.0~prestart: CWD: C:\Users\jan_frncs\Desktop\setup
9 silly lifecycle setup@1.0.0~prestart: Args: [ '/d /s /c', 'npm install' ]
10 silly lifecycle setup@1.0.0~prestart: Returned: code: 0  signal: null
11 info lifecycle setup@1.0.0~start: setup@1.0.0
12 verbose lifecycle setup@1.0.0~start: unsafe-perm in lifecycle true
13 verbose lifecycle setup@1.0.0~start: PATH: C:\Program Files\nodejs\node_modules\npm\bin\node-gyp-bin;C:\Users\jan_frncs\Desktop\setup\node_modules\.bin;C:\Python27\;C:\Python27\Scripts;C:\ProgramData\Oracle\Java\javapath;C:\WINDOWS\system32;C:\WINDOWS;C:\WINDOWS\System32\Wbem;C:\WINDOWS\System32\WindowsPowerShell\v1.0\;C:\Program Files\Git\cmd;C:\Program Files (x86)\Skype\Phone\;C:\Program Files (x86)\Windows Live\Shared;C:\ProgramData\chocolatey\bin;C:\Windows\apktool\apktool.bat;C:\Windows\apktool\apktool.jar;C:\Program Files\nodejs\;C:\Program Files (x86)\Cracklock\Bin;C:\Users\jan_frncs\AppData\Local\Microsoft\WindowsApps;C:\Users\jan_frncs\AppData\Local\atom\bin;C:\Users\jan_frncs\AppData\Roaming\Dashlane\4.6.1.18109\bin\Firefox_Extension\{442718d9-475e-452a-b3e1-fb1ee16b8e9f}\components;C:\Windows\apktool\apktool.bat.bat;C:\Windows\apktool\apktool.jar.jar;C:\Users\jan_frncs\AppData\Roaming\npm
14 verbose lifecycle setup@1.0.0~start: CWD: C:\Users\jan_frncs\Desktop\setup
15 silly lifecycle setup@1.0.0~start: Args: [ '/d /s /c', 'http-server -a localhost -p 8000 -c-1 ./app' ]
16 silly lifecycle setup@1.0.0~start: Returned: code: 3221225786  signal: null
17 info lifecycle setup@1.0.0~start: Failed to exec start script
18 verbose stack Error: setup@1.0.0 start: `http-server -a localhost -p 8000 -c-1 ./app`
18 verbose stack Exit status 3221225786
18 verbose stack     at EventEmitter.<anonymous> (C:\Program Files\nodejs\node_modules\npm\lib\utils\lifecycle.js:255:16)
18 verbose stack     at emitTwo (events.js:106:13)
18 verbose stack     at EventEmitter.emit (events.js:191:7)
18 verbose stack     at ChildProcess.<anonymous> (C:\Program Files\nodejs\node_modules\npm\lib\utils\spawn.js:40:14)
18 verbose stack     at emitTwo (events.js:106:13)
18 verbose stack     at ChildProcess.emit (events.js:191:7)
18 verbose stack     at maybeClose (internal/child_process.js:877:16)
18 verbose stack     at Process.ChildProcess._handle.onexit (internal/child_process.js:226:5)
19 verbose pkgid setup@1.0.0
20 verbose cwd C:\Users\jan_frncs\Desktop\setup
21 error Windows_NT 10.0.14393
22 error argv "C:\\Program Files\\nodejs\\node.exe" "C:\\Program Files\\nodejs\\node_modules\\npm\\bin\\npm-cli.js" "start"
23 error node v6.9.5
24 error npm  v3.10.10
25 error code ELIFECYCLE
26 error setup@1.0.0 start: `http-server -a localhost -p 8000 -c-1 ./app`
26 error Exit status 3221225786
27 error Failed at the setup@1.0.0 start script 'http-server -a localhost -p 8000 -c-1 ./app'.
27 error Make sure you have the latest version of node.js and npm installed.
27 error If you do, this is most likely a problem with the setup package,
27 error not with npm itself.
27 error Tell the author that this fails on your system:
27 error     http-server -a localhost -p 8000 -c-1 ./app
27 error You can get information on how to open an issue for this project with:
27 error     npm bugs setup
27 error Or if that isn't available, you can get their info via:
27 error     npm owner ls setup
27 error There is likely additional logging output above.
28 verbose exit [ 1, true ]
